Collector.html?_ijt=33j0l59q04m27u80mgdaleg561:49 Earth Indian Restaurant 5c9071e2084d89d60864efd4cc115f201ae63c97
Collector.html?_ijt=33j0l59q04m27u80mgdaleg561:49 Popeyes® Louisiana Kitchen dc1b2fd67a9f6131fefaaff28514036b69c07bf0
Collector.html?_ijt=33j0l59q04m27u80mgdaleg561:49 Pizza Hut 97bed2298c88d75dae9e08cc138ea300c8cb918b
Collector.html?_ijt=33j0l59q04m27u80mgdaleg561:49 Zaffron Restaurant 0f27fbb9b58fa48912fdc29a0787258eda166b39
Collector.html?_ijt=33j0l59q04m27u80mgdaleg561:49 KFC 43660f9bb58e177697d686b0931dc949bb917c1e
Collector.html?_ijt=33j0l59q04m27u80mgdaleg561:49 Pickle Barrel Restaurant d58547e1ddae9d6bb44335849d61f0d2ac115056
Collector.html?_ijt=33j0l59q04m27u80mgdaleg561:49 Congee Time aa780f08b6e180638de4aae4d2a18b50f508a940
Collector.html?_ijt=33j0l59q04m27u80mgdaleg561:49 Tim Hortons 034c72a5156f31f2c13b10655b72a71b6c6a6613
Collector.html?_ijt=33j0l59q04m27u80mgdaleg561:49 Kenzo Ramen 0f9546d94d622e3a8dfe21ebce80d664e01e4333
Collector.html?_ijt=33j0l59q04m27u80mgdaleg561:49 Roses New York Pizza cb5727362a1a15dcf31766a9545bc547206b269a
Collector.html?_ijt=33j0l59q04m27u80mgdaleg561:49 Ichiban Sushi House 1965f1bec78a332dd4a7fa3806a235f4db49f67d
Collector.html?_ijt=33j0l59q04m27u80mgdaleg561:49 Pizza Pizza d1854f3e36ae0734bf18564ecdd32881981b2890
Collector.html?_ijt=33j0l59q04m27u80mgdaleg561:49 Laterna Dining Room 8f112551345761e6bc4ed41304ba1a93f6fe79f8
Collector.html?_ijt=33j0l59q04m27u80mgdaleg561:49 Tim Hortons 7dd508932bc0aeffaf558b0984920d5f959486c5
Collector.html?_ijt=33j0l59q04m27u80mgdaleg561:49 Tim Hortons ba7c3c88908f7120074d192a9526334216461d14
Collector.html?_ijt=33j0l59q04m27u80mgdaleg561:49 Tim Hortons 42a14e612ee4ca710939a212387386aeaa982495
Collector.html?_ijt=33j0l59q04m27u80mgdaleg561:49 McDonald's 18cf47463c3a9d001f30d5d5f7e4bd8c094b5644
Collector.html?_ijt=33j0l59q04m27u80mgdaleg561:49 Subway b0a6199bc093cbe880618141fe7e3120428854b4
Collector.html?_ijt=33j0l59q04m27u80mgdaleg561:49 Mac's Sushi fae399f0baedbbfef743dddd0987cad59515cf25
Collector.html?_ijt=33j0l59q04m27u80mgdaleg561:49 Select Sandwich Office Catering c31bd74e233a5b14a6a35289248460cfd05c7fa3
Collector.html?_ijt=33j0l59q04m27u80mgdaleg561:49 Hotel Novotel Toronto North York a31cb6a22fdbdc8f773f14a2f5c798f56765bc35
Collector.html?_ijt=33j0l59q04m27u80mgdaleg561:49 Tim Hortons ce76e0d84872403e6dacdaa11c253846a559c28f
Collector.html?_ijt=33j0l59q04m27u80mgdaleg561:49 Mezza Notte Trattoria 1ce6c11be65e4302b0987682e1e31f38399e23f9
Collector.html?_ijt=33j0l59q04m27u80mgdaleg561:49 Nino D'Aversa Bakery Ltd 70ac4aad5fb1c25f2306344f3bd181e47e4ee5d1
Collector.html?_ijt=33j0l59q04m27u80mgdaleg561:49 Red Lobster 8ca522deb6e55c3476cbebd966cdd2ac1769be62
Collector.html?_ijt=33j0l59q04m27u80mgdaleg561:49 Trio Restaurant f6b4599504ea3423d4df811fa9fc548186f731a5
Collector.html?_ijt=33j0l59q04m27u80mgdaleg561:49 Subway 0a89668f1f845c2d515778649db31b1846f02ba2
Collector.html?_ijt=33j0l59q04m27u80mgdaleg561:49 Szechuan Gourmet Restaurant 2b8c3e395299ee58acf60ea9e6b2b61c496a7172
Collector.html?_ijt=33j0l59q04m27u80mgdaleg561:49 My Sushi Restaurant 2e63f002fe3d0181cf63b8f18c7e79c49e71e306
Collector.html?_ijt=33j0l59q04m27u80mgdaleg561:49 Sababa b050dbd58b1d98c9100775471adcb89b77edd5d0
Collector.html?_ijt=33j0l59q04m27u80mgdaleg561:49 Twister Karaoke 907c6b04585b131b95a8b39118b35a5d2c2c24c0
Collector.html?_ijt=33j0l59q04m27u80mgdaleg561:49 Earth Indian Restaurant 5c9071e2084d89d60864efd4cc115f201ae63c97
Collector.html?_ijt=33j0l59q04m27u80mgdaleg561:49 Milestones Grill and Bar 41932abccbe0a2894957c5238b594081ffd4a5c7
Collector.html?_ijt=33j0l59q04m27u80mgdaleg561:49 Popeyes® Louisiana Kitchen dc1b2fd67a9f6131fefaaff28514036b69c07bf0
Collector.html?_ijt=33j0l59q04m27u80mgdaleg561:49 The Octagon 01050e625b6f1918efe6116c543638882ccfae73
Collector.html?_ijt=33j0l59q04m27u80mgdaleg561:49 St. Louis Bar & Grill 1e936123e070699d9b987f1e0f7184c1ae8d012e
Collector.html?_ijt=33j0l59q04m27u80mgdaleg561:49 Sushi Moto 3f4daa703d69cb6306324ef83f2a7841ef49be19
Collector.html?_ijt=33j0l59q04m27u80mgdaleg561:49 Nak Won Restaurant ceeba050c90cc83d7f102b16ee3824242859e621
Collector.html?_ijt=33j0l59q04m27u80mgdaleg561:49 Jack Astor's Bar & Grill 5166b66e762d069e5c88882740792a4d7a997d7a
Collector.html?_ijt=33j0l59q04m27u80mgdaleg561:49 Popeyes® Louisana Kitchen 0b31716540c65a35daf8e4d87cef0c891d0d3b3d
Collector.html?_ijt=33j0l59q04m27u80mgdaleg561:49 Hotel Novotel Toronto North York a31cb6a22fdbdc8f773f14a2f5c798f56765bc35
Collector.html?_ijt=33j0l59q04m27u80mgdaleg561:49 Tim Hortons ce76e0d84872403e6dacdaa11c253846a559c28f
Collector.html?_ijt=33j0l59q04m27u80mgdaleg561:49 Sushi Moto 3f4daa703d69cb6306324ef83f2a7841ef49be19
Collector.html?_ijt=33j0l59q04m27u80mgdaleg561:49 Trio Restaurant f6b4599504ea3423d4df811fa9fc548186f731a5
Collector.html?_ijt=33j0l59q04m27u80mgdaleg561:49 Oliver & Bonacini Café Grill, Bayview Village be1341c92f321ae9c810fe0cee0c70caa7cbe665
Collector.html:49 Mezza Notte Trattoria 1ce6c11be65e4302b0987682e1e31f38399e23f9
Collector.html:49 Nino D'Aversa Bakery Ltd 70ac4aad5fb1c25f2306344f3bd181e47e4ee5d1
Collector.html:49 Promenade 7c14758b15db0d603e5494d99d8473449a9ce98f
Collector.html:49 Red Lobster 8ca522deb6e55c3476cbebd966cdd2ac1769be62
Collector.html:49 Subway 0a89668f1f845c2d515778649db31b1846f02ba2
Collector.html:49 Szechuan Gourmet Restaurant 2b8c3e395299ee58acf60ea9e6b2b61c496a7172
Collector.html:49 Tim Hortons c3c079857866963668323fa92a2250124dee1638
Collector.html:49 My Sushi Restaurant 2e63f002fe3d0181cf63b8f18c7e79c49e71e306
Collector.html:49 Popeyes® Louisana Kitchen 1fa681471cd11e501097bc418d4f00833d3f5887
Collector.html:49 Tim Hortons 2f85b57022f746fe57ce8a35de647d77dfda2afd
Collector.html:49 Sababa b050dbd58b1d98c9100775471adcb89b77edd5d0
Collector.html:49 The Octagon 01050e625b6f1918efe6116c543638882ccfae73
Collector.html:49 Milestones Grill and Bar 41932abccbe0a2894957c5238b594081ffd4a5c7
Collector.html:49 Jack Astor's Bar & Grill 5166b66e762d069e5c88882740792a4d7a997d7a
Collector.html:49 Moxie's Grill & Bar 4553105e48aab3000547349799ebc1d60d4c6083
Collector.html:49 Hotel Novotel Toronto North York a31cb6a22fdbdc8f773f14a2f5c798f56765bc35
Collector.html:49 Wakame Sushi 02739ffd08ef6f738459a6ea157e83746dda9613
Collector.html:49 Oliver & Bonacini Café Grill, Bayview Village be1341c92f321ae9c810fe0cee0c70caa7cbe665
Collector.html:49 Sushi Moto 3f4daa703d69cb6306324ef83f2a7841ef49be19
Collector.html:49 168 Sushi Japan Buffet 8fc00ef4f331faef807b1fe3060469b479e9636e
Collector.html:49 Tim Hortons ce76e0d84872403e6dacdaa11c253846a559c28f
Collector.html:49 Cafe Chic 33099f6cac1d203ff3ce4d21177081ac8545c5d9
Collector.html:49 Promenade 7c14758b15db0d603e5494d99d8473449a9ce98f
Collector.html:49 Trio Restaurant f6b4599504ea3423d4df811fa9fc548186f731a5
Collector.html:49 Popeyes® Louisana Kitchen 1fa681471cd11e501097bc418d4f00833d3f5887
Collector.html:49 Mezza Notte Trattoria 1ce6c11be65e4302b0987682e1e31f38399e23f9
Collector.html:49 Nino D'Aversa Bakery Ltd 70ac4aad5fb1c25f2306344f3bd181e47e4ee5d1
Collector.html:49 Red Lobster 8ca522deb6e55c3476cbebd966cdd2ac1769be62
Collector.html:49 Tim Hortons 2f85b57022f746fe57ce8a35de647d77dfda2afd
Collector.html:49 Auberge du Pommier 3307df8bd19c1886ba584845031058cd2fcf5be7
Collector.html:49 Tim Hortons c3c079857866963668323fa92a2250124dee1638
Collector.html:49 Subway 0a89668f1f845c2d515778649db31b1846f02ba2
Collector.html:49 Szechuan Gourmet Restaurant 2b8c3e395299ee58acf60ea9e6b2b61c496a7172
Collector.html:49 The Pickle Barrel e1b8da50906067a940cd61eecf14a8db12702187
Collector.html:49 Mezza Notte Trattoria 87d57c3e13b7004ae0048817e7921f9879da3ac9
Collector.html:49 Hotel Novotel Toronto North York a31cb6a22fdbdc8f773f14a2f5c798f56765bc35
Collector.html:49 Wakame Sushi 02739ffd08ef6f738459a6ea157e83746dda9613
Collector.html:49 Auberge du Pommier 3307df8bd19c1886ba584845031058cd2fcf5be7
Collector.html:49 Boston Pizza 2be5651e11a0b61f1f739d2df38c09c51a119b95
Collector.html:49 168 Sushi Japan Buffet 8fc00ef4f331faef807b1fe3060469b479e9636e
Collector.html:49 Miller Tavern 087452f0adb25ec886089d112f410308652c8ae8
Collector.html:49 Oliver & Bonacini Café Grill, Bayview Village be1341c92f321ae9c810fe0cee0c70caa7cbe665
Collector.html:49 IKEA North York 862ac9b75d698659b0604a1fbc2e58eda4db5e0e
Collector.html:49 Cafe Chic 33099f6cac1d203ff3ce4d21177081ac8545c5d9
Collector.html:49 Sushi Moto 3f4daa703d69cb6306324ef83f2a7841ef49be19
Collector.html:49 Subway 4ead45264a939fc5c0a7592ae1ac34db8fe1af06
Collector.html:49 Tim Hortons ce76e0d84872403e6dacdaa11c253846a559c28f
Collector.html:49 Promenade 7c14758b15db0d603e5494d99d8473449a9ce98f
Collector.html:49 East Side Mario's 0c304c4d2994b2f4500ac79de391d9deba26e31a
Collector.html:49 The Pickle Barrel e1b8da50906067a940cd61eecf14a8db12702187
Collector.html:49 Trio Restaurant f6b4599504ea3423d4df811fa9fc548186f731a5
Collector.html:49 Popeyes® Louisana Kitchen 1fa681471cd11e501097bc418d4f00833d3f5887
Collector.html:49 California Sandwiches 904588cffa7e3e965c4cef158cdf12783f7b89a8
Collector.html:49 Asian Legend 08a7f4a72a2ca7531495f06670007612edf7678d
Collector.html:49 Mandarin Restaurant d54b25b229741c85ddfbebda7e781b86b089a503
Collector.html:49 Hotel Novotel Toronto North York a31cb6a22fdbdc8f773f14a2f5c798f56765bc35
Collector.html:49 Wakame Sushi 02739ffd08ef6f738459a6ea157e83746dda9613
Collector.html:49 Auberge du Pommier 3307df8bd19c1886ba584845031058cd2fcf5be7
Collector.html:49 Boston Pizza 2be5651e11a0b61f1f739d2df38c09c51a119b95
Collector.html:49 Marlowe Restaurant & Wine Bar 6b4f835b4b297f53da26b9aedc9fa2ad72385035
Collector.html:49 Miller Tavern 087452f0adb25ec886089d112f410308652c8ae8
Collector.html:49 168 Sushi Japan Buffet 8fc00ef4f331faef807b1fe3060469b479e9636e
Collector.html:49 Aladdin's Palace 1cad2156e91b12a954ea09a160d4ffd7ad3fb03d
Collector.html:49 Oliver & Bonacini Café Grill, Bayview Village be1341c92f321ae9c810fe0cee0c70caa7cbe665
Collector.html:49 Spring Villa Chinese Cuisine 84d1e2d41fbb439879a1df67158089d6f4e9b5ad
Collector.html:49 Mandarin Restaurant 6ceba282696f5a2f6b855c531e31396cfbda686c
Collector.html:49 IKEA North York 862ac9b75d698659b0604a1fbc2e58eda4db5e0e
Collector.html:49 Cafe Chic 33099f6cac1d203ff3ce4d21177081ac8545c5d9
Collector.html:49 Sushi Moto 3f4daa703d69cb6306324ef83f2a7841ef49be19
Collector.html:49 Subway 4ead45264a939fc5c0a7592ae1ac34db8fe1af06
Collector.html:49 Maison Du Japon cf3219c3ba4f7b5380cc55f3bf762611b6fa7aef
Collector.html:49 Tim Hortons ce76e0d84872403e6dacdaa11c253846a559c28f
Collector.html:49 Akasaka Japanese Restaurant c4975b5bb2512c2317b41765430eb674e973c7a6
Collector.html:49 East Side Mario's 0c304c4d2994b2f4500ac79de391d9deba26e31a
Collector.html:49 Tim Hortons e63d08abf3bde9d9c6d53b6da2fe47993d575f0c
Collector.html:49 Hotel Novotel Toronto North York a31cb6a22fdbdc8f773f14a2f5c798f56765bc35
Collector.html:49 Monte Carlo Inn & Suites - Downtown Markham 27d60d5cbc73f33644dc6579f3beaba251d91d61
Collector.html:49 Marlowe Restaurant & Wine Bar 6b4f835b4b297f53da26b9aedc9fa2ad72385035
Collector.html:49 Wakame Sushi 02739ffd08ef6f738459a6ea157e83746dda9613
Collector.html:49 Auberge du Pommier 3307df8bd19c1886ba584845031058cd2fcf5be7
Collector.html:49 Aladdin's Palace 1cad2156e91b12a954ea09a160d4ffd7ad3fb03d
Collector.html:49 Mandarin Restaurant 6ceba282696f5a2f6b855c531e31396cfbda686c
Collector.html:49 Boston Pizza 2be5651e11a0b61f1f739d2df38c09c51a119b95
Collector.html:49 Tim Hortons e63d08abf3bde9d9c6d53b6da2fe47993d575f0c
Collector.html:49 Miller Tavern 087452f0adb25ec886089d112f410308652c8ae8
Collector.html:49 Spring Villa Chinese Cuisine 84d1e2d41fbb439879a1df67158089d6f4e9b5ad
Collector.html:49 CF Shops at Don Mills e0f2df5c52f97f4d6eecabb8392f774bb09e0daf
Collector.html:49 168 Sushi Japan Buffet 8fc00ef4f331faef807b1fe3060469b479e9636e
Collector.html:49 Oliver & Bonacini Café Grill, Bayview Village be1341c92f321ae9c810fe0cee0c70caa7cbe665
Collector.html:49 Maison Du Japon cf3219c3ba4f7b5380cc55f3bf762611b6fa7aef
Collector.html:49 IKEA North York 862ac9b75d698659b0604a1fbc2e58eda4db5e0e
Collector.html:49 Chako Barbecue & Izakaya 59f2df74241b078c3c6dedda283b27f125e7fd5e
Collector.html:49 Lin Garden Restaurant 23dae15c4947fb856531fab2492a170e7b9cf175
Collector.html:49 Cafe Chic 33099f6cac1d203ff3ce4d21177081ac8545c5d9
Collector.html:49 Akasaka Japanese Restaurant c4975b5bb2512c2317b41765430eb674e973c7a6
Collector.html:49 Hotel Novotel Toronto North York a31cb6a22fdbdc8f773f14a2f5c798f56765bc35
Collector.html:49 Monte Carlo Inn & Suites - Downtown Markham 27d60d5cbc73f33644dc6579f3beaba251d91d61
Collector.html:49 Marlowe Restaurant & Wine Bar 6b4f835b4b297f53da26b9aedc9fa2ad72385035
Collector.html:49 CF Shops at Don Mills e0f2df5c52f97f4d6eecabb8392f774bb09e0daf
Collector.html:49 Wakame Sushi 02739ffd08ef6f738459a6ea157e83746dda9613
Collector.html:49 Tim Hortons e63d08abf3bde9d9c6d53b6da2fe47993d575f0c
Collector.html:49 Auberge du Pommier 3307df8bd19c1886ba584845031058cd2fcf5be7
Collector.html:49 Aladdin's Palace 1cad2156e91b12a954ea09a160d4ffd7ad3fb03d
Collector.html:49 Lin Garden Restaurant 23dae15c4947fb856531fab2492a170e7b9cf175
Collector.html:49 Mandarin Restaurant 6ceba282696f5a2f6b855c531e31396cfbda686c
Collector.html:49 Boston Pizza 2be5651e11a0b61f1f739d2df38c09c51a119b95
Collector.html:49 Spring Villa Chinese Cuisine 84d1e2d41fbb439879a1df67158089d6f4e9b5ad
Collector.html:49 Miller Tavern 087452f0adb25ec886089d112f410308652c8ae8
Collector.html:49 Playtime Bowl & Entertainment 94e74471a67835b22b3cfde1144f8342ced47ff2
Collector.html:49 Tim Hortons 330a9acc03f1593c1e93b0187cc9a4a07104e99e
Collector.html:49 Chako Barbecue & Izakaya 59f2df74241b078c3c6dedda283b27f125e7fd5e
Collector.html:49 168 Sushi Japan Buffet 8fc00ef4f331faef807b1fe3060469b479e9636e
Collector.html?_ijt=33j0l59q04m27u80mgdaleg561:49 Maison Du Japon cf3219c3ba4f7b5380cc55f3bf762611b6fa7aef
Collector.html?_ijt=33j0l59q04m27u80mgdaleg561:49 Oliver & Bonacini Café Grill, Bayview Village be1341c92f321ae9c810fe0cee0c70caa7cbe665
Collector.html?_ijt=33j0l59q04m27u80mgdaleg561:49 IKEA North York 862ac9b75d698659b0604a1fbc2e58eda4db5e0e
Collector.html?_ijt=33j0l59q04m27u80mgdaleg561:49 Tim Hortons ce76e0d84872403e6dacdaa11c253846a559c28f
Collector.html?_ijt=33j0l59q04m27u80mgdaleg561:49 My Sushi Restaurant 2e63f002fe3d0181cf63b8f18c7e79c49e71e306
Collector.html?_ijt=33j0l59q04m27u80mgdaleg561:49 Sababa b050dbd58b1d98c9100775471adcb89b77edd5d0
Collector.html?_ijt=33j0l59q04m27u80mgdaleg561:49 Nino D'Aversa Bakery Ltd 70ac4aad5fb1c25f2306344f3bd181e47e4ee5d1
Collector.html?_ijt=33j0l59q04m27u80mgdaleg561:49 Twister Karaoke 907c6b04585b131b95a8b39118b35a5d2c2c24c0
Collector.html?_ijt=33j0l59q04m27u80mgdaleg561:49 Earth Indian Restaurant 5c9071e2084d89d60864efd4cc115f201ae63c97
Collector.html?_ijt=33j0l59q04m27u80mgdaleg561:49 Popeyes® Louisiana Kitchen dc1b2fd67a9f6131fefaaff28514036b69c07bf0
Collector.html?_ijt=33j0l59q04m27u80mgdaleg561:49 Red Lobster 8ca522deb6e55c3476cbebd966cdd2ac1769be62
Collector.html?_ijt=33j0l59q04m27u80mgdaleg561:49 Nak Won Restaurant ceeba050c90cc83d7f102b16ee3824242859e621
Collector.html?_ijt=33j0l59q04m27u80mgdaleg561:49 Pizza Hut 97bed2298c88d75dae9e08cc138ea300c8cb918b
Collector.html?_ijt=33j0l59q04m27u80mgdaleg561:49 Zaffron Restaurant 0f27fbb9b58fa48912fdc29a0787258eda166b39
Collector.html?_ijt=33j0l59q04m27u80mgdaleg561:49 North Restaurant b9e2ae8a71664c8177456b78a3f591ab02e178e7
Collector.html?_ijt=33j0l59q04m27u80mgdaleg561:49 Kayagum Restaurant 9d6b5717e231cdf1c3787996e69e7b81419d351c
Collector.html?_ijt=33j0l59q04m27u80mgdaleg561:49 Golden Star Restaurant 5c34f08c3a1c6754c8a5bb58d74e5bc205801f43
Collector.html?_ijt=33j0l59q04m27u80mgdaleg561:49 Mezza Notte Trattoria 1ce6c11be65e4302b0987682e1e31f38399e23f9
Collector.html?_ijt=33j0l59q04m27u80mgdaleg561:49 Puck 'N Wings c3b4bbac74c3aa30712eec76251fb4e3bb10b7d4
Collector.html?_ijt=33j0l59q04m27u80mgdaleg561:49 Xelua Vietnamese Restaurant 5b8a3dc1961d522988a5325706a50cc46856790c
Collector.html?_ijt=33j0l59q04m27u80mgdaleg561:49 KFC 43660f9bb58e177697d686b0931dc949bb917c1e
Collector.html?_ijt=33j0l59q04m27u80mgdaleg561:49 Pizza Nova 18fcd2d1d8736590d3c4e984ac1721c2e0cc6d38
Collector.html?_ijt=33j0l59q04m27u80mgdaleg561:49 Tim Hortons 7dd508932bc0aeffaf558b0984920d5f959486c5
Collector.html?_ijt=33j0l59q04m27u80mgdaleg561:49 Hotel Novotel Toronto North York a31cb6a22fdbdc8f773f14a2f5c798f56765bc35
Collector.html?_ijt=33j0l59q04m27u80mgdaleg561:49 Wakame Sushi 02739ffd08ef6f738459a6ea157e83746dda9613
Collector.html?_ijt=33j0l59q04m27u80mgdaleg561:49 Auberge du Pommier 3307df8bd19c1886ba584845031058cd2fcf5be7
Collector.html?_ijt=33j0l59q04m27u80mgdaleg561:49 168 Sushi Japan Buffet 8fc00ef4f331faef807b1fe3060469b479e9636e
Collector.html?_ijt=33j0l59q04m27u80mgdaleg561:49 Oliver & Bonacini Café Grill, Bayview Village be1341c92f321ae9c810fe0cee0c70caa7cbe665
Collector.html?_ijt=33j0l59q04m27u80mgdaleg561:49 Boston Pizza 2be5651e11a0b61f1f739d2df38c09c51a119b95
Collector.html?_ijt=33j0l59q04m27u80mgdaleg561:49 Sushi Moto 3f4daa703d69cb6306324ef83f2a7841ef49be19
Collector.html?_ijt=33j0l59q04m27u80mgdaleg561:49 Cafe Chic 33099f6cac1d203ff3ce4d21177081ac8545c5d9
Collector.html?_ijt=33j0l59q04m27u80mgdaleg561:49 Tim Hortons ce76e0d84872403e6dacdaa11c253846a559c28f
Collector.html?_ijt=33j0l59q04m27u80mgdaleg561:49 IKEA North York 862ac9b75d698659b0604a1fbc2e58eda4db5e0e
Collector.html?_ijt=33j0l59q04m27u80mgdaleg561:49 Promenade 7c14758b15db0d603e5494d99d8473449a9ce98f
Collector.html?_ijt=33j0l59q04m27u80mgdaleg561:49 Subway 4ead45264a939fc5c0a7592ae1ac34db8fe1af06
Collector.html?_ijt=33j0l59q04m27u80mgdaleg561:49 The Pickle Barrel e1b8da50906067a940cd61eecf14a8db12702187
Collector.html?_ijt=33j0l59q04m27u80mgdaleg561:49 East Side Mario's 0c304c4d2994b2f4500ac79de391d9deba26e31a
Collector.html?_ijt=33j0l59q04m27u80mgdaleg561:49 Trio Restaurant f6b4599504ea3423d4df811fa9fc548186f731a5
Collector.html?_ijt=33j0l59q04m27u80mgdaleg561:49 Miller Tavern 087452f0adb25ec886089d112f410308652c8ae8
Collector.html?_ijt=33j0l59q04m27u80mgdaleg561:49 Popeyes® Louisana Kitchen 1fa681471cd11e501097bc418d4f00833d3f5887
Collector.html?_ijt=33j0l59q04m27u80mgdaleg561:49 Mezza Notte Trattoria 1ce6c11be65e4302b0987682e1e31f38399e23f9
Collector.html?_ijt=33j0l59q04m27u80mgdaleg561:49 Nino D'Aversa Bakery Ltd 70ac4aad5fb1c25f2306344f3bd181e47e4ee5d1
Collector.html?_ijt=33j0l59q04m27u80mgdaleg561:49 Tim Hortons 2f85b57022f746fe57ce8a35de647d77dfda2afd
